[2020-03-06 02:03:06,479] multiqc                                            [DEBUG  ]  No MultiQC config found: /usr/local/lib/python3.6/dist-packages/multiqc-1.9.dev0-py3.6.egg/multiqc_config.yaml
[2020-03-06 02:03:06,693] multiqc                                            [DEBUG  ]  No MultiQC config found: /home/phelelani/.multiqc_config.yaml
[2020-03-06 02:03:06,854] multiqc                                            [DEBUG  ]  No MultiQC config found: multiqc_config.yaml
[2020-03-06 02:03:06,854] multiqc                                            [DEBUG  ]  Command used: /usr/local/bin/multiqc /home/phelelani/projects/metagenomics/mouse/work/90/70f702d5ea8137387c1e3a00282d6a/SRR5074529_Log.final.out /home/phelelani/projects/metagenomics/mouse/work/eb/b38b2e8f72bcae02f64b7c017e507e/SRR5074530_Log.final.out /home/phelelani/projects/metagenomics/mouse/work/11/25668dd594915a53415a2ba319498e/SRR5074531_Log.final.out /home/phelelani/projects/metagenomics/mouse/work/0d/7ade6b790e6920962ad0d07d73110f/SRR5074528_Log.final.out --force
[2020-03-06 02:03:08,296] multiqc                                            [DEBUG  ]  Latest MultiQC version is v1.8
[2020-03-06 02:03:08,297] multiqc                                            [INFO   ]  This is MultiQC v1.9.dev0
[2020-03-06 02:03:08,297] multiqc                                            [DEBUG  ]  Command     : /usr/local/bin/multiqc /home/phelelani/projects/metagenomics/mouse/work/90/70f702d5ea8137387c1e3a00282d6a/SRR5074529_Log.final.out /home/phelelani/projects/metagenomics/mouse/work/eb/b38b2e8f72bcae02f64b7c017e507e/SRR5074530_Log.final.out /home/phelelani/projects/metagenomics/mouse/work/11/25668dd594915a53415a2ba319498e/SRR5074531_Log.final.out /home/phelelani/projects/metagenomics/mouse/work/0d/7ade6b790e6920962ad0d07d73110f/SRR5074528_Log.final.out --force
[2020-03-06 02:03:08,297] multiqc                                            [DEBUG  ]  Working dir : /home/phelelani/projects/metagenomics/mouse/work/80/c8f4a936d59f43b1ff3cc0b5db0046
[2020-03-06 02:03:08,297] multiqc                                            [INFO   ]  Template    : default
[2020-03-06 02:03:08,297] multiqc                                            [DEBUG  ]  Running Python 3.6.10 (default, Dec 19 2019, 23:04:32)  [GCC 5.4.0 20160609]
[2020-03-06 02:03:08,298] multiqc                                            [INFO   ]  Searching   : /home/phelelani/projects/metagenomics/mouse/work/90/70f702d5ea8137387c1e3a00282d6a/SRR5074529_Log.final.out
[2020-03-06 02:03:08,298] multiqc                                            [INFO   ]  Searching   : /home/phelelani/projects/metagenomics/mouse/work/eb/b38b2e8f72bcae02f64b7c017e507e/SRR5074530_Log.final.out
[2020-03-06 02:03:08,298] multiqc                                            [INFO   ]  Searching   : /home/phelelani/projects/metagenomics/mouse/work/11/25668dd594915a53415a2ba319498e/SRR5074531_Log.final.out
[2020-03-06 02:03:08,298] multiqc                                            [INFO   ]  Searching   : /home/phelelani/projects/metagenomics/mouse/work/0d/7ade6b790e6920962ad0d07d73110f/SRR5074528_Log.final.out
[2020-03-06 02:03:08,299] multiqc                                            [DEBUG  ]  Analysing modules: custom_content, conpair, peddy, methylQA, phantompeakqualtools, qualimap, preseq, quast, qorts, rna_seqc, rsem, rseqc, busco, goleft_indexcov, disambiguate, supernova, deeptools, sargasso, verifybamid, mirtrace, happy, homer, macs2, theta2, snpeff, gatk, htseq, bcftools, featureCounts, fgbio, dedup, damageprofiler, biobambam2, mtnucratio, picard, prokka, samblaster, samtools, sexdeterrmine, bamtools, jellyfish, vcftools, longranger, stacks, bbmap, bismark, biscuit, hicexplorer, hicup, hicpro, salmon, kallisto, slamdunk, star, hisat2, tophat, bowtie2, bowtie1, kat, leehom, adapterRemoval, clipandmerge, cutadapt, flexbar, trimmomatic, skewer, sortmerna, biobloomtools, fastq_screen, afterqc, fastp, fastqc, minionqc, mosdepth, clusterflow, bcl2fastq, interop, flash, seqyclean
[2020-03-06 02:03:08,299] multiqc                                            [DEBUG  ]  Using temporary directory for creating report: /tmp/tmphgkau_8g
[2020-03-06 02:03:26,271] multiqc.plots.bargraph                             [DEBUG  ]  Using matplotlib version 3.1.1
[2020-03-06 02:03:26,271] multiqc.plots.linegraph                            [DEBUG  ]  Using matplotlib version 3.1.1
[2020-03-06 02:03:26,273] multiqc                                            [DEBUG  ]  No samples found: custom_content
[2020-03-06 02:03:26,279] multiqc                                            [DEBUG  ]  No samples found: conpair
[2020-03-06 02:03:26,285] multiqc                                            [DEBUG  ]  No samples found: peddy
[2020-03-06 02:03:26,291] multiqc                                            [DEBUG  ]  No samples found: methylQA
[2020-03-06 02:03:26,297] multiqc                                            [DEBUG  ]  No samples found: phantompeakqualtools
[2020-03-06 02:03:26,304] multiqc                                            [DEBUG  ]  No samples found: qualimap
[2020-03-06 02:03:26,310] multiqc                                            [DEBUG  ]  No samples found: preseq
[2020-03-06 02:03:26,315] multiqc                                            [DEBUG  ]  No samples found: quast
[2020-03-06 02:03:26,321] multiqc                                            [DEBUG  ]  No samples found: qorts
[2020-03-06 02:03:26,327] multiqc                                            [DEBUG  ]  No samples found: rna_seqc
[2020-03-06 02:03:26,333] multiqc                                            [DEBUG  ]  No samples found: rsem
[2020-03-06 02:03:26,342] multiqc                                            [DEBUG  ]  No samples found: rseqc
[2020-03-06 02:03:26,347] multiqc                                            [DEBUG  ]  No samples found: busco
[2020-03-06 02:03:26,353] multiqc                                            [DEBUG  ]  No samples found: goleft_indexcov
[2020-03-06 02:03:26,359] multiqc                                            [DEBUG  ]  No samples found: disambiguate
[2020-03-06 02:03:26,365] multiqc                                            [DEBUG  ]  No samples found: supernova
[2020-03-06 02:03:26,374] multiqc                                            [DEBUG  ]  No samples found: deeptools
[2020-03-06 02:03:26,380] multiqc                                            [DEBUG  ]  No samples found: sargasso
[2020-03-06 02:03:26,386] multiqc                                            [DEBUG  ]  No samples found: verifybamid
[2020-03-06 02:03:26,392] multiqc                                            [DEBUG  ]  No samples found: mirtrace
[2020-03-06 02:03:26,397] multiqc                                            [DEBUG  ]  No samples found: happy
[2020-03-06 02:03:26,404] multiqc                                            [DEBUG  ]  No samples found: homer
[2020-03-06 02:03:26,410] multiqc                                            [DEBUG  ]  No samples found: macs2
[2020-03-06 02:03:26,415] multiqc                                            [DEBUG  ]  No samples found: theta2
[2020-03-06 02:03:26,421] multiqc                                            [DEBUG  ]  No samples found: snpeff
[2020-03-06 02:03:26,428] multiqc                                            [DEBUG  ]  No samples found: gatk
[2020-03-06 02:03:26,434] multiqc                                            [DEBUG  ]  No samples found: htseq
[2020-03-06 02:03:26,441] multiqc                                            [DEBUG  ]  No samples found: bcftools
[2020-03-06 02:03:26,446] multiqc                                            [DEBUG  ]  No samples found: featureCounts
[2020-03-06 02:03:26,453] multiqc                                            [DEBUG  ]  No samples found: fgbio
[2020-03-06 02:03:26,458] multiqc                                            [DEBUG  ]  No samples found: dedup
[2020-03-06 02:03:26,464] multiqc                                            [DEBUG  ]  No samples found: damageprofiler
[2020-03-06 02:03:26,476] multiqc                                            [DEBUG  ]  No samples found: biobambam2
[2020-03-06 02:03:26,482] multiqc                                            [DEBUG  ]  No samples found: mtnucratio
[2020-03-06 02:03:26,487] multiqc                                            [DEBUG  ]  No samples found: picard
[2020-03-06 02:03:26,492] multiqc                                            [DEBUG  ]  No samples found: prokka
[2020-03-06 02:03:26,498] multiqc                                            [DEBUG  ]  No samples found: samblaster
[2020-03-06 02:03:26,505] multiqc                                            [DEBUG  ]  No samples found: samtools
[2020-03-06 02:03:26,511] multiqc                                            [DEBUG  ]  No samples found: sexdeterrmine
[2020-03-06 02:03:26,517] multiqc                                            [DEBUG  ]  No samples found: bamtools
[2020-03-06 02:03:26,523] multiqc                                            [DEBUG  ]  No samples found: jellyfish
[2020-03-06 02:03:26,531] multiqc                                            [DEBUG  ]  No samples found: vcftools
[2020-03-06 02:03:26,537] multiqc                                            [DEBUG  ]  No samples found: longranger
[2020-03-06 02:03:26,543] multiqc                                            [DEBUG  ]  No samples found: stacks
[2020-03-06 02:03:26,555] multiqc                                            [DEBUG  ]  No samples found: bbmap
[2020-03-06 02:03:26,561] multiqc                                            [DEBUG  ]  No samples found: bismark
[2020-03-06 02:03:26,568] multiqc                                            [DEBUG  ]  No samples found: biscuit
[2020-03-06 02:03:26,574] multiqc                                            [DEBUG  ]  No samples found: hicexplorer
[2020-03-06 02:03:26,580] multiqc                                            [DEBUG  ]  No samples found: hicup
[2020-03-06 02:03:26,586] multiqc                                            [DEBUG  ]  No samples found: hicpro
[2020-03-06 02:03:26,592] multiqc                                            [DEBUG  ]  No samples found: salmon
[2020-03-06 02:03:26,597] multiqc                                            [DEBUG  ]  No samples found: kallisto
[2020-03-06 02:03:26,603] multiqc                                            [DEBUG  ]  No samples found: slamdunk
[2020-03-06 02:03:43,699] multiqc.modules.star.star                          [INFO   ]  Found 4 reports
[2020-03-06 02:03:43,713] multiqc                                            [DEBUG  ]  No samples found: hisat2
[2020-03-06 02:03:43,719] multiqc                                            [DEBUG  ]  No samples found: tophat
[2020-03-06 02:03:43,726] multiqc                                            [DEBUG  ]  No samples found: bowtie2
[2020-03-06 02:03:43,732] multiqc                                            [DEBUG  ]  No samples found: bowtie1
[2020-03-06 02:03:43,738] multiqc                                            [DEBUG  ]  No samples found: kat
[2020-03-06 02:03:43,744] multiqc                                            [DEBUG  ]  No samples found: leehom
[2020-03-06 02:03:43,750] multiqc                                            [DEBUG  ]  No samples found: adapterRemoval
[2020-03-06 02:03:43,756] multiqc                                            [DEBUG  ]  No samples found: clipandmerge
[2020-03-06 02:03:43,762] multiqc                                            [DEBUG  ]  No samples found: cutadapt
[2020-03-06 02:03:43,769] multiqc                                            [DEBUG  ]  No samples found: flexbar
[2020-03-06 02:03:43,775] multiqc                                            [DEBUG  ]  No samples found: trimmomatic
[2020-03-06 02:03:43,781] multiqc                                            [DEBUG  ]  No samples found: skewer
[2020-03-06 02:03:43,788] multiqc                                            [DEBUG  ]  No samples found: sortmerna
[2020-03-06 02:03:43,794] multiqc                                            [DEBUG  ]  No samples found: biobloomtools
[2020-03-06 02:03:43,800] multiqc                                            [DEBUG  ]  No samples found: fastq_screen
[2020-03-06 02:03:43,806] multiqc                                            [DEBUG  ]  No samples found: afterqc
[2020-03-06 02:03:43,876] multiqc                                            [DEBUG  ]  No samples found: fastp
[2020-03-06 02:03:43,886] multiqc                                            [DEBUG  ]  No samples found: fastqc
[2020-03-06 02:03:43,892] multiqc                                            [DEBUG  ]  No samples found: minionqc
[2020-03-06 02:03:43,898] multiqc                                            [DEBUG  ]  No samples found: mosdepth
[2020-03-06 02:03:43,904] multiqc                                            [DEBUG  ]  No samples found: clusterflow
[2020-03-06 02:03:43,910] multiqc                                            [DEBUG  ]  No samples found: bcl2fastq
[2020-03-06 02:03:43,916] multiqc                                            [DEBUG  ]  No samples found: interop
[2020-03-06 02:03:43,922] multiqc                                            [DEBUG  ]  No samples found: flash
[2020-03-06 02:03:43,928] multiqc                                            [DEBUG  ]  No samples found: seqyclean
[2020-03-06 02:03:43,935] multiqc                                            [INFO   ]  Compressing plot data
[2020-03-06 02:03:47,456] multiqc                                            [INFO   ]  Report      : multiqc_report.html
[2020-03-06 02:03:47,456] multiqc                                            [INFO   ]  Data        : multiqc_data
[2020-03-06 02:03:48,251] multiqc                                            [DEBUG  ]  Moving data file from '/tmp/tmphgkau_8g/multiqc_data/multiqc_qualimap_bamqc_genome_results.txt' to '/home/phelelani/projects/metagenomics/mouse/work/80/c8f4a936d59f43b1ff3cc0b5db0046/multiqc_data'
[2020-03-06 02:03:56,483] multiqc                                            [DEBUG  ]  Moving data file from '/tmp/tmphgkau_8g/multiqc_data/multiqc_star.txt' to '/home/phelelani/projects/metagenomics/mouse/work/80/c8f4a936d59f43b1ff3cc0b5db0046/multiqc_data'
[2020-03-06 02:04:02,103] multiqc                                            [DEBUG  ]  Moving data file from '/tmp/tmphgkau_8g/multiqc_data/multiqc_general_stats.txt' to '/home/phelelani/projects/metagenomics/mouse/work/80/c8f4a936d59f43b1ff3cc0b5db0046/multiqc_data'
[2020-03-06 02:04:06,753] multiqc                                            [DEBUG  ]  Moving data file from '/tmp/tmphgkau_8g/multiqc_data/multiqc_sources.txt' to '/home/phelelani/projects/metagenomics/mouse/work/80/c8f4a936d59f43b1ff3cc0b5db0046/multiqc_data'
[2020-03-06 02:04:11,378] multiqc                                            [DEBUG  ]  Moving data file from '/tmp/tmphgkau_8g/multiqc_data/multiqc_data.json' to '/home/phelelani/projects/metagenomics/mouse/work/80/c8f4a936d59f43b1ff3cc0b5db0046/multiqc_data'
[2020-03-06 02:04:21,933] multiqc                                            [INFO   ]  MultiQC complete
